  ▲ Next.js 14.2.14
  - Local:        http://localhost:3010
  - Experiments (use with caution):
    · typedRoutes
    · outputFileTracingRoot

 ✓ Starting...
 ✓ Ready in 2.7s
 ○ Compiling / ...
 ✓ Compiled / in 8s (1302 modules)
 GET / 200 in 8609ms
 ○ Compiling /contact ...
 ✓ Compiled /contact in 6s (1296 modules)
 GET /contact 200 in 6165ms
 ○ Compiling /register-organization ...
 ✓ Compiled /register-organization in 523ms (1306 modules)
 GET /register-organization 200 in 613ms
 ○ Compiling /auth/login ...
 ✓ Compiled /auth/login in 554ms (1340 modules)
 GET /auth/login 200 in 679ms
 ○ Compiling /api/public/contact ...
 ✓ Compiled /api/public/contact in 795ms (773 modules)
 POST /api/public/contact 200 in 25017ms
